mktextfm SimSun
mktextfm SimSun
mktextfm SimSun
mktextfm SimHei
mktextfm KaiTi
mktextfm SimHei
mktextfm SimHei/I
mktextfm KaiTi
mktextfm KaiTi
mktextfm KaiTi
mktextfm SimHei
mktextfm KaiTi
mktextfm KaiTi/I
mktextfm SimHei
mktextfm SimHei/I
mktextfm NSimSun
mktextfm NSimSun
mktextfm NSimSun
mktextfm NSimSun
mktextfm NSimSun/B
mktextfm NSimSun
mktextfm NSimSun/I
mktextfm NSimSun
mktextfm NSimSun/BI
mktextfm SimSun
mktextfm SimSun
mktextfm SimSun
mktextfm SimHei
mktextfm KaiTi
mktextfm SimHei
mktextfm SimHei/I
mktextfm KaiTi
mktextfm KaiTi
mktextfm KaiTi
mktextfm SimHei
mktextfm KaiTi
mktextfm KaiTi/I
mktextfm SimHei
mktextfm SimHei/I
mktextfm NSimSun
mktextfm NSimSun
mktextfm NSimSun
mktextfm NSimSun
mktextfm NSimSun/B
mktextfm NSimSun
mktextfm NSimSun/I
mktextfm NSimSun
mktextfm NSimSun/BI
